<?xml version="1.0" encoding="UTF-8"?>
<!-- Generated by org.testng.reporters.JUnitXMLReporter -->
<testsuite ignored="2" hostname="DESKTOP-54IUH48" failures="0" tests="2" name="Test" time="66.016" errors="0" timestamp="2022-10-26T19:54:16 IST">
  <testcase classname="testpack.VerifyForgetAccLinkAndLogInPage" name="VerifyForgetAccLink" time="6.243"/>
  <testcase classname="testpack.VerifySignupAndLangaugeChange" name="VerifyLangaugeChangeFuncationality" time="9.092"/>
  <testcase classname="testpack.VerifySignupAndLangaugeChange" name="VerifySignUpPageFuncationlity" time="0.0">
    <ignored/>
  </testcase> <!-- VerifySignUpPageFuncationlity -->
  <testcase classname="testpack.VerifyForgetAccLinkAndLogInPage" name="VerifyLoginFuncationlity" time="0.0">
    <ignored/>
  </testcase> <!-- VerifyLoginFuncationlity -->
</testsuite> <!-- Test -->
